<?xml version="1.0" encoding="UTF-8"?>
<!-- Generated by org.testng.reporters.JUnitReportReporter -->
<testsuite hostname="LAPTOP-9SK2S436" failures="0" tests="1" name="maven_test.Naukri_test" time="21.503" errors="0" timestamp="2023-10-27T16:56:50 IST" skipped="0">
  <testcase classname="maven_test.Naukri_test" name="test" time="21.503"/>
</testsuite> <!-- maven_test.Naukri_test -->
