<?xml version="1.0" encoding="UTF-8"?>
<!-- Generated by org.testng.reporters.JUnitReportReporter -->
<testsuite hostname="LAPTOP-9SK2S436" failures="0" tests="1" name="maven_test.Marine_test" time="18.960" errors="0" timestamp="2023-10-08T19:47:58 IST" skipped="0">
  <testcase classname="maven_test.Marine_test" name="test" time="18.960"/>
</testsuite> <!-- maven_test.Marine_test -->
